Arguments: 
  /usr/local/Cellar/node/12.12.0/bin/node /usr/local/Cellar/yarn/1.19.1/libexec/bin/yarn.js add @types/vue-json-pretty

PATH: 
  /Users/serg/Development/poc-ios-auth/healthid/cli/.virtualenv/bin:/Users/serg/Library/Android/sdk/emulator:/Users/serg/Library/Android/sdk/tools:/usr/local/opt/ruby/bin:/usr/local/opt/libxml2/bin:/Users/serg/.sdkman/candidates/maven/current/bin:/Users/serg/.sdkman/candidates/java/current/bin:/Users/serg/.sdkman/candidates/gradle/current/bin:/Users/serg/.cargo/bin:/usr/local/opt/python@3.8/bin/:/usr/local/bin:/usr/bin:/bin:/usr/sbin:/sbin:/opt/X11/bin:/Library/Apple/usr/bin

Yarn version: 
  1.19.1

Node version: 
  12.12.0

Platform: 
  darwin x64

Trace: 
  Error: https://registry.yarnpkg.com/@types%2fvue-json-pretty: Not found
      at Request.params.callback [as _callback] (/usr/local/Cellar/yarn/1.19.1/libexec/lib/cli.js:66926:18)
      at Request.self.callback (/usr/local/Cellar/yarn/1.19.1/libexec/lib/cli.js:140564:22)
      at Request.emit (events.js:210:5)
      at Request.<anonymous> (/usr/local/Cellar/yarn/1.19.1/libexec/lib/cli.js:141536:10)
      at Request.emit (events.js:210:5)
      at IncomingMessage.<anonymous> (/usr/local/Cellar/yarn/1.19.1/libexec/lib/cli.js:141458:12)
      at Object.onceWrapper (events.js:299:28)
      at IncomingMessage.emit (events.js:215:7)
      at endReadableNT (_stream_readable.js:1183:12)
      at processTicksAndRejections (internal/process/task_queues.js:80:21)

npm manifest: 
  No manifest

yarn manifest: 
  No manifest

Lockfile: 
  No lockfile
